mode: set
github.com/kaylincoded/magic-guardian/internal/discord/board.go:29.125,39.12 2 0
github.com/kaylincoded/magic-guardian/internal/discord/board.go:39.12,43.22 3 0
github.com/kaylincoded/magic-guardian/internal/discord/board.go:43.22,45.4 1 0
github.com/kaylincoded/magic-guardian/internal/discord/board.go:48.2,48.11 1 0
github.com/kaylincoded/magic-guardian/internal/discord/board.go:63.75,90.16 5 0
github.com/kaylincoded/magic-guardian/internal/discord/board.go:90.16,92.3 1 0
github.com/kaylincoded/magic-guardian/internal/discord/board.go:95.2,97.37 3 0
github.com/kaylincoded/magic-guardian/internal/discord/board.go:97.37,99.10 2 0
github.com/kaylincoded/magic-guardian/internal/discord/board.go:99.10,100.12 1 0
github.com/kaylincoded/magic-guardian/internal/discord/board.go:103.3,111.17 3 0
github.com/kaylincoded/magic-guardian/internal/discord/board.go:111.17,113.12 2 0
github.com/kaylincoded/magic-guardian/internal/discord/board.go:116.3,116.27 1 0
github.com/kaylincoded/magic-guardian/internal/discord/board.go:116.27,118.4 1 0
github.com/kaylincoded/magic-guardian/internal/discord/board.go:120.3,127.17 4 0
github.com/kaylincoded/magic-guardian/internal/discord/board.go:127.17,129.12 2 0
github.com/kaylincoded/magic-guardian/internal/discord/board.go:133.3,137.84 4 0
github.com/kaylincoded/magic-guardian/internal/discord/board.go:137.84,139.4 1 0
github.com/kaylincoded/magic-guardian/internal/discord/board.go:142.2,143.28 2 0
github.com/kaylincoded/magic-guardian/internal/discord/board.go:147.36,149.16 2 0
github.com/kaylincoded/magic-guardian/internal/discord/board.go:149.16,152.3 2 0
github.com/kaylincoded/magic-guardian/internal/discord/board.go:154.2,155.30 2 0
github.com/kaylincoded/magic-guardian/internal/discord/board.go:155.30,156.38 1 0
github.com/kaylincoded/magic-guardian/internal/discord/board.go:156.38,158.11 2 0
github.com/kaylincoded/magic-guardian/internal/discord/board.go:158.11,159.13 1 0
github.com/kaylincoded/magic-guardian/internal/discord/board.go:161.4,162.11 2 0
github.com/kaylincoded/magic-guardian/internal/discord/board.go:162.11,163.13 1 0
github.com/kaylincoded/magic-guardian/internal/discord/board.go:165.4,166.11 2 0
github.com/kaylincoded/magic-guardian/internal/discord/board.go:166.11,167.13 1 0
github.com/kaylincoded/magic-guardian/internal/discord/board.go:170.4,187.18 7 0
github.com/kaylincoded/magic-guardian/internal/discord/board.go:187.18,189.5 1 0
github.com/kaylincoded/magic-guardian/internal/discord/board.go:195.89,200.48 3 0
github.com/kaylincoded/magic-guardian/internal/discord/board.go:200.48,202.3 1 0
github.com/kaylincoded/magic-guardian/internal/discord/board.go:204.2,205.18 2 0
github.com/kaylincoded/magic-guardian/internal/discord/board.go:205.18,207.3 1 0
github.com/kaylincoded/magic-guardian/internal/discord/board.go:209.2,211.47 2 0
github.com/kaylincoded/magic-guardian/internal/discord/board.go:211.47,215.32 3 0
github.com/kaylincoded/magic-guardian/internal/discord/board.go:215.32,216.35 1 0
github.com/kaylincoded/magic-guardian/internal/discord/board.go:216.35,218.10 2 0
github.com/kaylincoded/magic-guardian/internal/discord/board.go:221.3,222.25 2 0
github.com/kaylincoded/magic-guardian/internal/discord/board.go:222.25,225.4 2 0
github.com/kaylincoded/magic-guardian/internal/discord/board.go:227.3,228.35 2 0
github.com/kaylincoded/magic-guardian/internal/discord/board.go:228.35,230.18 2 0
github.com/kaylincoded/magic-guardian/internal/discord/board.go:230.18,232.13 2 0
github.com/kaylincoded/magic-guardian/internal/discord/board.go:234.4,234.15 1 0
github.com/kaylincoded/magic-guardian/internal/discord/board.go:234.15,236.5 1 0
github.com/kaylincoded/magic-guardian/internal/discord/board.go:239.3,239.27 1 0
github.com/kaylincoded/magic-guardian/internal/discord/board.go:239.27,241.4 1 0
github.com/kaylincoded/magic-guardian/internal/discord/board.go:241.9,243.4 1 0
github.com/kaylincoded/magic-guardian/internal/discord/board.go:248.91,252.51 2 0
github.com/kaylincoded/magic-guardian/internal/discord/board.go:252.51,255.3 2 0
github.com/kaylincoded/magic-guardian/internal/discord/board.go:257.2,262.16 4 0
github.com/kaylincoded/magic-guardian/internal/discord/board.go:262.16,266.3 3 0
github.com/kaylincoded/magic-guardian/internal/discord/board.go:269.2,270.27 2 0
github.com/kaylincoded/magic-guardian/internal/discord/board.go:270.27,271.31 1 0
github.com/kaylincoded/magic-guardian/internal/discord/board.go:271.31,273.4 1 0
github.com/kaylincoded/magic-guardian/internal/discord/board.go:277.2,279.9 3 0
github.com/kaylincoded/magic-guardian/internal/discord/board.go:279.9,282.3 2 0
github.com/kaylincoded/magic-guardian/internal/discord/board.go:285.2,286.38 2 0
github.com/kaylincoded/magic-guardian/internal/discord/board.go:286.38,293.27 5 0
github.com/kaylincoded/magic-guardian/internal/discord/board.go:293.27,295.4 1 0
github.com/kaylincoded/magic-guardian/internal/discord/board.go:298.3,298.28 1 0
github.com/kaylincoded/magic-guardian/internal/discord/board.go:298.28,300.4 1 0
github.com/kaylincoded/magic-guardian/internal/discord/board.go:300.9,302.4 1 0
github.com/kaylincoded/magic-guardian/internal/discord/board.go:304.3,311.5 1 0
github.com/kaylincoded/magic-guardian/internal/discord/board.go:315.2,317.69 3 0
github.com/kaylincoded/magic-guardian/internal/discord/board.go:317.69,320.28 3 0
github.com/kaylincoded/magic-guardian/internal/discord/board.go:320.28,322.4 1 0
github.com/kaylincoded/magic-guardian/internal/discord/board.go:323.3,327.15 4 0
github.com/kaylincoded/magic-guardian/internal/discord/board.go:327.15,330.4 2 0
github.com/kaylincoded/magic-guardian/internal/discord/board.go:332.3,341.5 1 0
github.com/kaylincoded/magic-guardian/internal/discord/board.go:345.2,353.16 2 0
github.com/kaylincoded/magic-guardian/internal/discord/board.go:353.16,358.3 3 0
github.com/kaylincoded/magic-guardian/internal/discord/board.go:361.98,366.49 3 0
github.com/kaylincoded/magic-guardian/internal/discord/board.go:366.49,369.3 2 0
github.com/kaylincoded/magic-guardian/internal/discord/board.go:371.2,373.31 3 0
github.com/kaylincoded/magic-guardian/internal/discord/board.go:373.31,374.34 1 0
github.com/kaylincoded/magic-guardian/internal/discord/board.go:374.34,376.9 2 0
github.com/kaylincoded/magic-guardian/internal/discord/board.go:379.2,383.24 4 0
github.com/kaylincoded/magic-guardian/internal/discord/board.go:383.24,386.3 2 0
github.com/kaylincoded/magic-guardian/internal/discord/board.go:389.2,390.16 2 0
github.com/kaylincoded/magic-guardian/internal/discord/board.go:390.16,394.3 3 0
github.com/kaylincoded/magic-guardian/internal/discord/board.go:397.2,398.27 2 0
github.com/kaylincoded/magic-guardian/internal/discord/board.go:398.27,399.31 1 0
github.com/kaylincoded/magic-guardian/internal/discord/board.go:399.31,401.4 1 0
github.com/kaylincoded/magic-guardian/internal/discord/board.go:405.2,406.34 2 0
github.com/kaylincoded/magic-guardian/internal/discord/board.go:406.34,410.28 2 0
github.com/kaylincoded/magic-guardian/internal/discord/board.go:410.28,412.71 1 0
github.com/kaylincoded/magic-guardian/internal/discord/board.go:412.71,414.13 2 0
github.com/kaylincoded/magic-guardian/internal/discord/board.go:416.4,416.71 1 0
github.com/kaylincoded/magic-guardian/internal/discord/board.go:417.9,420.18 2 0
github.com/kaylincoded/magic-guardian/internal/discord/board.go:420.18,422.13 2 0
github.com/kaylincoded/magic-guardian/internal/discord/board.go:424.4,424.15 1 0
github.com/kaylincoded/magic-guardian/internal/discord/board.go:424.15,426.5 1 0
github.com/kaylincoded/magic-guardian/internal/discord/board.go:431.2,432.25 2 0
github.com/kaylincoded/magic-guardian/internal/discord/board.go:432.25,434.3 1 0
github.com/kaylincoded/magic-guardian/internal/discord/board.go:435.2,435.27 1 0
github.com/kaylincoded/magic-guardian/internal/discord/board.go:435.27,437.3 1 0
github.com/kaylincoded/magic-guardian/internal/discord/board.go:439.2,439.21 1 0
github.com/kaylincoded/magic-guardian/internal/discord/board.go:439.21,441.3 1 0
github.com/kaylincoded/magic-guardian/internal/discord/board.go:441.8,441.32 1 0
github.com/kaylincoded/magic-guardian/internal/discord/board.go:441.32,443.3 1 0
github.com/kaylincoded/magic-guardian/internal/discord/board.go:445.2,456.16 3 0
github.com/kaylincoded/magic-guardian/internal/discord/board.go:456.16,458.3 1 0
github.com/kaylincoded/magic-guardian/internal/discord/board.go:461.37,464.54 2 0
github.com/kaylincoded/magic-guardian/internal/discord/board.go:464.54,467.22 3 0
github.com/kaylincoded/magic-guardian/internal/discord/board.go:467.22,469.4 1 0
github.com/kaylincoded/magic-guardian/internal/discord/board.go:471.3,475.10 4 0
github.com/kaylincoded/magic-guardian/internal/discord/board.go:475.10,477.4 1 0
github.com/kaylincoded/magic-guardian/internal/discord/board.go:480.3,481.10 2 0
github.com/kaylincoded/magic-guardian/internal/discord/board.go:481.10,483.4 1 0
github.com/kaylincoded/magic-guardian/internal/discord/board.go:484.3,495.17 5 0
github.com/kaylincoded/magic-guardian/internal/discord/board.go:495.17,497.4 1 0
github.com/kaylincoded/magic-guardian/internal/discord/board.go:499.3,499.14 1 0
github.com/kaylincoded/magic-guardian/internal/discord/board.go:503.105,511.16 2 0
github.com/kaylincoded/magic-guardian/internal/discord/board.go:511.16,518.23 3 0
github.com/kaylincoded/magic-guardian/internal/discord/board.go:518.23,520.4 1 0
github.com/kaylincoded/magic-guardian/internal/discord/board.go:525.45,527.21 2 0
github.com/kaylincoded/magic-guardian/internal/discord/board.go:527.21,529.3 1 0
github.com/kaylincoded/magic-guardian/internal/discord/board.go:530.2,530.19 1 0
github.com/kaylincoded/magic-guardian/internal/discord/board.go:530.19,532.19 2 0
github.com/kaylincoded/magic-guardian/internal/discord/board.go:532.19,534.4 1 0
github.com/kaylincoded/magic-guardian/internal/discord/board.go:535.3,535.48 1 0
github.com/kaylincoded/magic-guardian/internal/discord/board.go:537.2,538.16 2 0
github.com/kaylincoded/magic-guardian/internal/discord/board.go:538.16,540.3 1 0
github.com/kaylincoded/magic-guardian/internal/discord/board.go:541.2,541.43 1 0
github.com/kaylincoded/magic-guardian/internal/discord/board.go:545.107,550.38 4 0
github.com/kaylincoded/magic-guardian/internal/discord/board.go:550.38,552.28 2 0
github.com/kaylincoded/magic-guardian/internal/discord/board.go:552.28,554.4 1 0
github.com/kaylincoded/magic-guardian/internal/discord/board.go:554.9,556.4 1 0
github.com/kaylincoded/magic-guardian/internal/discord/board.go:559.2,560.27 2 0
github.com/kaylincoded/magic-guardian/internal/discord/board.go:560.27,562.24 2 0
github.com/kaylincoded/magic-guardian/internal/discord/board.go:562.24,564.4 1 0
github.com/kaylincoded/magic-guardian/internal/discord/board.go:565.3,568.5 1 0
github.com/kaylincoded/magic-guardian/internal/discord/board.go:570.2,570.30 1 0
github.com/kaylincoded/magic-guardian/internal/discord/board.go:570.30,572.24 2 0
github.com/kaylincoded/magic-guardian/internal/discord/board.go:572.24,574.4 1 0
github.com/kaylincoded/magic-guardian/internal/discord/board.go:575.3,578.5 1 0
github.com/kaylincoded/magic-guardian/internal/discord/board.go:581.2,586.27 4 0
github.com/kaylincoded/magic-guardian/internal/discord/board.go:586.27,588.19 2 0
github.com/kaylincoded/magic-guardian/internal/discord/board.go:588.19,590.4 1 0
github.com/kaylincoded/magic-guardian/internal/discord/board.go:591.3,591.73 1 0
github.com/kaylincoded/magic-guardian/internal/discord/board.go:592.8,594.23 2 0
github.com/kaylincoded/magic-guardian/internal/discord/board.go:594.23,596.4 1 0
github.com/kaylincoded/magic-guardian/internal/discord/board.go:597.3,597.74 1 0
github.com/kaylincoded/magic-guardian/internal/discord/board.go:600.2,601.22 2 0
github.com/kaylincoded/magic-guardian/internal/discord/board.go:601.22,603.3 1 0
github.com/kaylincoded/magic-guardian/internal/discord/board.go:603.8,603.25 1 0
github.com/kaylincoded/magic-guardian/internal/discord/board.go:603.25,605.3 1 0
github.com/kaylincoded/magic-guardian/internal/discord/board.go:607.2,615.3 1 0
github.com/kaylincoded/magic-guardian/internal/discord/board.go:618.95,621.38 2 0
github.com/kaylincoded/magic-guardian/internal/discord/board.go:621.38,625.28 4 0
github.com/kaylincoded/magic-guardian/internal/discord/board.go:625.28,627.4 1 0
github.com/kaylincoded/magic-guardian/internal/discord/board.go:628.3,635.5 1 0
github.com/kaylincoded/magic-guardian/internal/discord/board.go:640.2,642.69 3 0
github.com/kaylincoded/magic-guardian/internal/discord/board.go:642.69,645.28 3 0
github.com/kaylincoded/magic-guardian/internal/discord/board.go:645.28,647.4 1 0
github.com/kaylincoded/magic-guardian/internal/discord/board.go:648.3,652.15 4 0
github.com/kaylincoded/magic-guardian/internal/discord/board.go:652.15,655.4 2 0
github.com/kaylincoded/magic-guardian/internal/discord/board.go:657.3,667.5 1 0
github.com/kaylincoded/magic-guardian/internal/discord/board.go:670.2,670.19 1 0
github.com/kaylincoded/magic-guardian/internal/discord/board.go:673.25,675.2 1 0
github.com/kaylincoded/magic-guardian/internal/discord/board.go:678.82,691.2 2 0
github.com/kaylincoded/magic-guardian/internal/discord/bot.go:26.109,28.16 2 0
github.com/kaylincoded/magic-guardian/internal/discord/bot.go:28.16,30.3 1 0
github.com/kaylincoded/magic-guardian/internal/discord/bot.go:32.2,44.15 4 0
github.com/kaylincoded/magic-guardian/internal/discord/bot.go:48.29,49.41 1 0
github.com/kaylincoded/magic-guardian/internal/discord/bot.go:49.41,51.3 1 0
github.com/kaylincoded/magic-guardian/internal/discord/bot.go:52.2,123.16 4 0
github.com/kaylincoded/magic-guardian/internal/discord/bot.go:123.16,125.3 1 0
github.com/kaylincoded/magic-guardian/internal/discord/bot.go:126.2,127.12 2 0
github.com/kaylincoded/magic-guardian/internal/discord/bot.go:131.28,133.2 1 0
github.com/kaylincoded/magic-guardian/internal/discord/bot.go:136.44,138.2 1 0
github.com/kaylincoded/magic-guardian/internal/discord/bot.go:148.36,150.43 2 0
github.com/kaylincoded/magic-guardian/internal/discord/bot.go:150.43,156.3 1 0
github.com/kaylincoded/magic-guardian/internal/discord/bot.go:157.2,157.15 1 0
github.com/kaylincoded/magic-guardian/internal/discord/bot.go:161.48,163.2 1 0
github.com/kaylincoded/magic-guardian/internal/discord/bot.go:167.77,170.29 2 0
github.com/kaylincoded/magic-guardian/internal/discord/bot.go:170.29,172.3 1 0
github.com/kaylincoded/magic-guardian/internal/discord/bot.go:174.2,175.16 2 0
github.com/kaylincoded/magic-guardian/internal/discord/bot.go:175.16,177.3 1 0
github.com/kaylincoded/magic-guardian/internal/discord/bot.go:178.2,182.37 3 0
github.com/kaylincoded/magic-guardian/internal/discord/bot.go:182.37,184.3 1 0
github.com/kaylincoded/magic-guardian/internal/discord/bot.go:186.2,191.16 3 0
github.com/kaylincoded/magic-guardian/internal/discord/bot.go:191.16,193.3 1 0
github.com/kaylincoded/magic-guardian/internal/discord/bot.go:193.8,195.3 1 0
github.com/kaylincoded/magic-guardian/internal/discord/bot.go:196.2,196.12 1 0
github.com/kaylincoded/magic-guardian/internal/discord/bot.go:199.63,200.45 1 0
github.com/kaylincoded/magic-guardian/internal/discord/bot.go:200.45,202.3 1 0
github.com/kaylincoded/magic-guardian/internal/discord/bot.go:203.2,203.19 1 0
github.com/kaylincoded/magic-guardian/internal/discord/bot.go:203.19,205.3 1 0
github.com/kaylincoded/magic-guardian/internal/discord/bot.go:206.2,206.11 1 0
github.com/kaylincoded/magic-guardian/internal/discord/bot.go:212.30,214.2 1 0
github.com/kaylincoded/magic-guardian/internal/discord/bot.go:216.87,219.15 2 0
github.com/kaylincoded/magic-guardian/internal/discord/bot.go:219.15,220.20 1 0
github.com/kaylincoded/magic-guardian/internal/discord/bot.go:220.20,229.4 2 0
github.com/kaylincoded/magic-guardian/internal/discord/bot.go:232.2,232.16 1 0
github.com/kaylincoded/magic-guardian/internal/discord/bot.go:233.47,235.22 2 0
github.com/kaylincoded/magic-guardian/internal/discord/bot.go:236.59,238.22 2 0
github.com/kaylincoded/magic-guardian/internal/discord/bot.go:239.45,241.47 2 0
github.com/kaylincoded/magic-guardian/internal/discord/bot.go:241.47,243.4 1 0
github.com/kaylincoded/magic-guardian/internal/discord/bot.go:243.9,243.58 1 0
github.com/kaylincoded/magic-guardian/internal/discord/bot.go:243.58,245.4 1 0
github.com/kaylincoded/magic-guardian/internal/discord/bot.go:245.9,245.56 1 0
github.com/kaylincoded/magic-guardian/internal/discord/bot.go:245.56,247.4 1 0
github.com/kaylincoded/magic-guardian/internal/discord/bot.go:247.9,249.4 1 0
github.com/kaylincoded/magic-guardian/internal/discord/bot.go:250.3,250.22 1 0
github.com/kaylincoded/magic-guardian/internal/discord/bot.go:254.83,256.19 2 0
github.com/kaylincoded/magic-guardian/internal/discord/bot.go:257.19,258.23 1 0
github.com/kaylincoded/magic-guardian/internal/discord/bot.go:259.21,260.25 1 0
github.com/kaylincoded/magic-guardian/internal/discord/bot.go:261.19,262.23 1 0
github.com/kaylincoded/magic-guardian/internal/discord/bot.go:263.15,264.19 1 0
github.com/kaylincoded/magic-guardian/internal/discord/bot.go:265.17,266.21 1 0
github.com/kaylincoded/magic-guardian/internal/discord/bot.go:267.27,268.29 1 0
github.com/kaylincoded/magic-guardian/internal/discord/bot.go:272.82,276.18 3 0
github.com/kaylincoded/magic-guardian/internal/discord/bot.go:276.18,279.3 2 0
github.com/kaylincoded/magic-guardian/internal/discord/bot.go:281.2,282.21 2 0
github.com/kaylincoded/magic-guardian/internal/discord/bot.go:282.21,284.3 1 0
github.com/kaylincoded/magic-guardian/internal/discord/bot.go:286.2,287.16 2 0
github.com/kaylincoded/magic-guardian/internal/discord/bot.go:287.16,291.3 3 0
github.com/kaylincoded/magic-guardian/internal/discord/bot.go:293.2,294.14 2 0
github.com/kaylincoded/magic-guardian/internal/discord/bot.go:294.14,297.3 2 0
github.com/kaylincoded/magic-guardian/internal/discord/bot.go:298.2,298.100 1 0
github.com/kaylincoded/magic-guardian/internal/discord/bot.go:301.84,306.16 4 0
github.com/kaylincoded/magic-guardian/internal/discord/bot.go:306.16,310.3 3 0
github.com/kaylincoded/magic-guardian/internal/discord/bot.go:312.2,313.14 2 0
github.com/kaylincoded/magic-guardian/internal/discord/bot.go:313.14,316.3 2 0
github.com/kaylincoded/magic-guardian/internal/discord/bot.go:317.2,317.73 1 0
github.com/kaylincoded/magic-guardian/internal/discord/bot.go:320.82,323.16 3 0
github.com/kaylincoded/magic-guardian/internal/discord/bot.go:323.16,327.3 3 0
github.com/kaylincoded/magic-guardian/internal/discord/bot.go:329.2,331.27 3 0
github.com/kaylincoded/magic-guardian/internal/discord/bot.go:331.27,333.42 2 0
github.com/kaylincoded/magic-guardian/internal/discord/bot.go:333.42,334.40 1 0
github.com/kaylincoded/magic-guardian/internal/discord/bot.go:334.40,335.53 1 0
github.com/kaylincoded/magic-guardian/internal/discord/bot.go:335.53,337.11 2 0
github.com/kaylincoded/magic-guardian/internal/discord/bot.go:341.3,345.5 1 0
github.com/kaylincoded/magic-guardian/internal/discord/bot.go:348.2,349.29 2 0
github.com/kaylincoded/magic-guardian/internal/discord/bot.go:352.78,354.49 2 0
github.com/kaylincoded/magic-guardian/internal/discord/bot.go:354.49,356.3 1 0
github.com/kaylincoded/magic-guardian/internal/discord/bot.go:358.2,358.22 1 0
github.com/kaylincoded/magic-guardian/internal/discord/bot.go:358.22,360.10 2 0
github.com/kaylincoded/magic-guardian/internal/discord/bot.go:360.10,363.4 2 0
github.com/kaylincoded/magic-guardian/internal/discord/bot.go:364.3,366.9 3 0
github.com/kaylincoded/magic-guardian/internal/discord/bot.go:370.2,376.68 6 0
github.com/kaylincoded/magic-guardian/internal/discord/bot.go:376.68,378.10 2 0
github.com/kaylincoded/magic-guardian/internal/discord/bot.go:378.10,379.12 1 0
github.com/kaylincoded/magic-guardian/internal/discord/bot.go:381.3,382.39 2 0
github.com/kaylincoded/magic-guardian/internal/discord/bot.go:382.39,383.29 1 0
github.com/kaylincoded/magic-guardian/internal/discord/bot.go:383.29,385.5 1 0
github.com/kaylincoded/magic-guardian/internal/discord/bot.go:387.3,394.5 4 0
github.com/kaylincoded/magic-guardian/internal/discord/bot.go:396.2,397.29 2 0
github.com/kaylincoded/magic-guardian/internal/discord/bot.go:400.80,404.2 3 0
github.com/kaylincoded/magic-guardian/internal/discord/bot.go:406.93,414.2 1 0
github.com/kaylincoded/magic-guardian/internal/discord/bot.go:416.113,424.2 1 0
github.com/kaylincoded/magic-guardian/internal/discord/bot.go:426.88,427.21 1 0
github.com/kaylincoded/magic-guardian/internal/discord/bot.go:427.21,430.3 2 0
github.com/kaylincoded/magic-guardian/internal/discord/bot.go:433.2,441.63 3 0
github.com/kaylincoded/magic-guardian/internal/discord/bot.go:441.63,443.3 1 0
github.com/kaylincoded/magic-guardian/internal/discord/bot.go:445.2,446.16 2 0
github.com/kaylincoded/magic-guardian/internal/discord/bot.go:446.16,452.3 3 0
github.com/kaylincoded/magic-guardian/internal/discord/bot.go:454.2,456.4 1 0
github.com/kaylincoded/magic-guardian/internal/discord/bot.go:459.31,461.2 1 0
github.com/kaylincoded/magic-guardian/internal/discord/bot.go:464.74,467.30 3 0
github.com/kaylincoded/magic-guardian/internal/discord/bot.go:467.30,468.39 1 0
github.com/kaylincoded/magic-guardian/internal/discord/bot.go:468.39,469.52 1 0
github.com/kaylincoded/magic-guardian/internal/discord/bot.go:469.52,471.5 1 0
github.com/kaylincoded/magic-guardian/internal/discord/bot.go:474.2,474.15 1 0
github.com/kaylincoded/magic-guardian/internal/discord/bot.go:477.88,480.35 3 0
github.com/kaylincoded/magic-guardian/internal/discord/bot.go:480.35,481.18 1 0
github.com/kaylincoded/magic-guardian/internal/discord/bot.go:481.18,483.9 2 0
github.com/kaylincoded/magic-guardian/internal/discord/bot.go:486.2,486.20 1 0
github.com/kaylincoded/magic-guardian/internal/discord/bot.go:486.20,492.3 2 0
github.com/kaylincoded/magic-guardian/internal/discord/bot.go:494.2,498.68 4 0
github.com/kaylincoded/magic-guardian/internal/discord/bot.go:498.68,500.10 2 0
github.com/kaylincoded/magic-guardian/internal/discord/bot.go:500.10,501.12 1 0
github.com/kaylincoded/magic-guardian/internal/discord/bot.go:503.3,504.39 2 0
github.com/kaylincoded/magic-guardian/internal/discord/bot.go:504.39,507.119 3 0
github.com/kaylincoded/magic-guardian/internal/discord/bot.go:507.119,508.13 1 0
github.com/kaylincoded/magic-guardian/internal/discord/bot.go:510.4,511.29 2 0
github.com/kaylincoded/magic-guardian/internal/discord/bot.go:511.29,513.5 1 0
github.com/kaylincoded/magic-guardian/internal/discord/bot.go:514.4,519.26 3 0
github.com/kaylincoded/magic-guardian/internal/discord/bot.go:519.26,520.10 1 0
github.com/kaylincoded/magic-guardian/internal/discord/bot.go:523.3,523.25 1 0
github.com/kaylincoded/magic-guardian/internal/discord/bot.go:523.25,524.9 1 0
github.com/kaylincoded/magic-guardian/internal/discord/bot.go:528.2,533.17 1 0
github.com/kaylincoded/magic-guardian/internal/discord/bot.go:533.17,535.3 1 0
github.com/kaylincoded/magic-guardian/internal/discord/bot.go:538.83,542.32 3 0
github.com/kaylincoded/magic-guardian/internal/discord/bot.go:542.32,544.17 2 0
github.com/kaylincoded/magic-guardian/internal/discord/bot.go:544.17,554.4 3 0
github.com/kaylincoded/magic-guardian/internal/discord/bot.go:555.3,562.9 2 0
github.com/kaylincoded/magic-guardian/internal/discord/bot.go:566.2,568.16 3 0
github.com/kaylincoded/magic-guardian/internal/discord/bot.go:568.16,578.3 3 0
github.com/kaylincoded/magic-guardian/internal/discord/bot.go:580.2,582.14 3 0
github.com/kaylincoded/magic-guardian/internal/discord/bot.go:582.14,584.3 1 0
github.com/kaylincoded/magic-guardian/internal/discord/bot.go:585.2,591.4 1 0
github.com/kaylincoded/magic-guardian/internal/discord/embeds.go:29.77,34.29 3 0
github.com/kaylincoded/magic-guardian/internal/discord/embeds.go:34.29,36.3 1 0
github.com/kaylincoded/magic-guardian/internal/discord/embeds.go:39.2,40.39 2 0
github.com/kaylincoded/magic-guardian/internal/discord/embeds.go:40.39,42.30 2 0
github.com/kaylincoded/magic-guardian/internal/discord/embeds.go:42.30,44.4 1 0
github.com/kaylincoded/magic-guardian/internal/discord/embeds.go:47.2,47.39 1 0
github.com/kaylincoded/magic-guardian/internal/discord/embeds.go:47.39,50.30 3 0
github.com/kaylincoded/magic-guardian/internal/discord/embeds.go:50.30,53.4 2 0
github.com/kaylincoded/magic-guardian/internal/discord/embeds.go:54.3,60.114 3 0
github.com/kaylincoded/magic-guardian/internal/discord/embeds.go:63.2,71.3 1 0
github.com/kaylincoded/magic-guardian/internal/discord/embeds.go:77.81,81.29 3 0
github.com/kaylincoded/magic-guardian/internal/discord/embeds.go:81.29,83.19 2 0
github.com/kaylincoded/magic-guardian/internal/discord/embeds.go:83.19,84.12 1 0
github.com/kaylincoded/magic-guardian/internal/discord/embeds.go:86.3,92.5 3 0
github.com/kaylincoded/magic-guardian/internal/discord/embeds.go:97.2,98.35 2 0
github.com/kaylincoded/magic-guardian/internal/discord/embeds.go:98.35,100.3 1 0
github.com/kaylincoded/magic-guardian/internal/discord/embeds.go:102.2,103.39 2 0
github.com/kaylincoded/magic-guardian/internal/discord/embeds.go:103.39,105.25 2 0
github.com/kaylincoded/magic-guardian/internal/discord/embeds.go:105.25,107.4 1 0
github.com/kaylincoded/magic-guardian/internal/discord/embeds.go:108.3,108.72 1 0
github.com/kaylincoded/magic-guardian/internal/discord/embeds.go:112.2,123.19 2 0
github.com/kaylincoded/magic-guardian/internal/discord/embeds.go:123.19,125.3 1 0
github.com/kaylincoded/magic-guardian/internal/discord/embeds.go:127.2,127.13 1 0
github.com/kaylincoded/magic-guardian/internal/discord/embeds.go:131.78,135.38 3 0
github.com/kaylincoded/magic-guardian/internal/discord/embeds.go:135.38,137.28 2 0
github.com/kaylincoded/magic-guardian/internal/discord/embeds.go:137.28,139.4 1 0
github.com/kaylincoded/magic-guardian/internal/discord/embeds.go:139.9,141.4 1 0
github.com/kaylincoded/magic-guardian/internal/discord/embeds.go:144.2,145.27 2 0
github.com/kaylincoded/magic-guardian/internal/discord/embeds.go:145.27,150.3 1 0
github.com/kaylincoded/magic-guardian/internal/discord/embeds.go:151.2,151.30 1 0
github.com/kaylincoded/magic-guardian/internal/discord/embeds.go:151.30,153.24 2 0
github.com/kaylincoded/magic-guardian/internal/discord/embeds.go:153.24,155.4 1 0
github.com/kaylincoded/magic-guardian/internal/discord/embeds.go:156.3,159.5 1 0
github.com/kaylincoded/magic-guardian/internal/discord/embeds.go:162.2,173.3 3 0
github.com/kaylincoded/magic-guardian/internal/discord/embeds.go:177.73,178.21 1 0
github.com/kaylincoded/magic-guardian/internal/discord/embeds.go:178.21,184.3 1 0
github.com/kaylincoded/magic-guardian/internal/discord/embeds.go:186.2,187.29 2 0
github.com/kaylincoded/magic-guardian/internal/discord/embeds.go:187.29,190.28 3 0
github.com/kaylincoded/magic-guardian/internal/discord/embeds.go:190.28,192.4 1 0
github.com/kaylincoded/magic-guardian/internal/discord/embeds.go:193.3,193.104 1 0
github.com/kaylincoded/magic-guardian/internal/discord/embeds.go:196.2,203.3 1 0
github.com/kaylincoded/magic-guardian/internal/discord/embeds.go:207.75,209.68 2 0
github.com/kaylincoded/magic-guardian/internal/discord/embeds.go:209.68,211.10 2 0
github.com/kaylincoded/magic-guardian/internal/discord/embeds.go:211.10,212.12 1 0
github.com/kaylincoded/magic-guardian/internal/discord/embeds.go:214.3,217.127 4 0
github.com/kaylincoded/magic-guardian/internal/discord/embeds.go:220.2,227.3 1 0
github.com/kaylincoded/magic-guardian/internal/mg/client.go:43.63,49.2 1 1
github.com/kaylincoded/magic-guardian/internal/mg/client.go:52.52,54.2 1 1
github.com/kaylincoded/magic-guardian/internal/mg/client.go:57.56,59.2 1 1
github.com/kaylincoded/magic-guardian/internal/mg/client.go:62.39,64.2 1 0
github.com/kaylincoded/magic-guardian/internal/mg/client.go:67.37,69.2 1 0
github.com/kaylincoded/magic-guardian/internal/mg/client.go:73.49,74.6 1 0
github.com/kaylincoded/magic-guardian/internal/mg/client.go:74.6,77.17 2 0
github.com/kaylincoded/magic-guardian/internal/mg/client.go:77.17,79.4 1 0
github.com/kaylincoded/magic-guardian/internal/mg/client.go:79.9,83.4 3 0
github.com/kaylincoded/magic-guardian/internal/mg/client.go:85.3,86.23 2 0
github.com/kaylincoded/magic-guardian/internal/mg/client.go:86.23,88.4 1 0
github.com/kaylincoded/magic-guardian/internal/mg/client.go:89.3,92.10 4 0
github.com/kaylincoded/magic-guardian/internal/mg/client.go:93.21,94.20 1 0
github.com/kaylincoded/magic-guardian/internal/mg/client.go:95.27,95.27 0 0
github.com/kaylincoded/magic-guardian/internal/mg/client.go:100.75,108.16 5 0
github.com/kaylincoded/magic-guardian/internal/mg/client.go:108.16,110.3 1 0
github.com/kaylincoded/magic-guardian/internal/mg/client.go:111.2,115.16 4 0
github.com/kaylincoded/magic-guardian/internal/mg/client.go:115.16,117.3 1 0
github.com/kaylincoded/magic-guardian/internal/mg/client.go:118.2,121.12 3 0
github.com/kaylincoded/magic-guardian/internal/mg/client.go:124.62,129.54 3 0
github.com/kaylincoded/magic-guardian/internal/mg/client.go:129.54,131.3 1 0
github.com/kaylincoded/magic-guardian/internal/mg/client.go:133.2,136.16 3 0
github.com/kaylincoded/magic-guardian/internal/mg/client.go:136.16,138.3 1 0
github.com/kaylincoded/magic-guardian/internal/mg/client.go:139.2,142.15 4 0
github.com/kaylincoded/magic-guardian/internal/mg/client.go:142.15,147.3 4 0
github.com/kaylincoded/magic-guardian/internal/mg/client.go:149.2,160.6 6 0
github.com/kaylincoded/magic-guardian/internal/mg/client.go:160.6,161.23 1 0
github.com/kaylincoded/magic-guardian/internal/mg/client.go:161.23,163.4 1 0
github.com/kaylincoded/magic-guardian/internal/mg/client.go:164.3,166.17 3 0
github.com/kaylincoded/magic-guardian/internal/mg/client.go:166.17,168.4 1 0
github.com/kaylincoded/magic-guardian/internal/mg/client.go:170.3,170.28 1 0
github.com/kaylincoded/magic-guardian/internal/mg/client.go:170.28,174.12 4 0
github.com/kaylincoded/magic-guardian/internal/mg/client.go:176.3,176.23 1 0
github.com/kaylincoded/magic-guardian/internal/mg/client.go:180.44,182.50 2 1
github.com/kaylincoded/magic-guardian/internal/mg/client.go:182.50,185.3 2 1
github.com/kaylincoded/magic-guardian/internal/mg/client.go:187.2,187.18 1 1
github.com/kaylincoded/magic-guardian/internal/mg/client.go:188.17,189.33 1 1
github.com/kaylincoded/magic-guardian/internal/mg/client.go:190.22,191.27 1 1
github.com/kaylincoded/magic-guardian/internal/mg/client.go:191.27,193.4 1 1
github.com/kaylincoded/magic-guardian/internal/mg/client.go:194.3,194.36 1 1
github.com/kaylincoded/magic-guardian/internal/mg/client.go:195.16,196.44 1 0
github.com/kaylincoded/magic-guardian/internal/mg/client.go:197.10,198.59 1 1
github.com/kaylincoded/magic-guardian/internal/mg/client.go:202.53,204.52 2 1
github.com/kaylincoded/magic-guardian/internal/mg/client.go:204.52,207.3 2 1
github.com/kaylincoded/magic-guardian/internal/mg/client.go:209.2,209.35 1 1
github.com/kaylincoded/magic-guardian/internal/mg/client.go:209.35,212.3 2 1
github.com/kaylincoded/magic-guardian/internal/mg/client.go:215.2,220.53 4 1
github.com/kaylincoded/magic-guardian/internal/mg/client.go:220.53,222.39 2 1
github.com/kaylincoded/magic-guardian/internal/mg/client.go:222.39,223.29 1 1
github.com/kaylincoded/magic-guardian/internal/mg/client.go:223.29,225.5 1 1
github.com/kaylincoded/magic-guardian/internal/mg/client.go:227.3,233.4 2 1
github.com/kaylincoded/magic-guardian/internal/mg/client.go:235.2,238.24 2 1
github.com/kaylincoded/magic-guardian/internal/mg/client.go:238.24,240.3 1 1
github.com/kaylincoded/magic-guardian/internal/mg/client.go:243.2,243.23 1 1
github.com/kaylincoded/magic-guardian/internal/mg/client.go:243.23,245.23 2 1
github.com/kaylincoded/magic-guardian/internal/mg/client.go:245.23,248.30 2 1
github.com/kaylincoded/magic-guardian/internal/mg/client.go:248.30,250.5 1 1
github.com/kaylincoded/magic-guardian/internal/mg/client.go:252.4,253.31 2 1
github.com/kaylincoded/magic-guardian/internal/mg/client.go:253.31,254.44 1 1
github.com/kaylincoded/magic-guardian/internal/mg/client.go:254.44,256.6 1 1
github.com/kaylincoded/magic-guardian/internal/mg/client.go:258.4,258.47 1 1
github.com/kaylincoded/magic-guardian/internal/mg/client.go:258.47,260.5 1 1
github.com/kaylincoded/magic-guardian/internal/mg/client.go:268.61,270.37 2 1
github.com/kaylincoded/magic-guardian/internal/mg/client.go:270.37,272.10 2 1
github.com/kaylincoded/magic-guardian/internal/mg/client.go:272.10,273.12 1 1
github.com/kaylincoded/magic-guardian/internal/mg/client.go:276.3,277.42 2 1
github.com/kaylincoded/magic-guardian/internal/mg/client.go:277.42,279.4 1 1
github.com/kaylincoded/magic-guardian/internal/mg/client.go:280.3,280.42 1 1
github.com/kaylincoded/magic-guardian/internal/mg/client.go:280.42,283.16 3 1
github.com/kaylincoded/magic-guardian/internal/mg/client.go:283.16,285.13 1 1
github.com/kaylincoded/magic-guardian/internal/mg/client.go:287.4,287.33 1 1
github.com/kaylincoded/magic-guardian/internal/mg/client.go:287.33,294.5 1 1
github.com/kaylincoded/magic-guardian/internal/mg/client.go:297.2,297.16 1 1
github.com/kaylincoded/magic-guardian/internal/mg/client.go:300.54,302.23 2 1
github.com/kaylincoded/magic-guardian/internal/mg/client.go:302.23,304.3 1 1
github.com/kaylincoded/magic-guardian/internal/mg/client.go:307.2,308.29 2 1
github.com/kaylincoded/magic-guardian/internal/mg/client.go:308.29,315.42 2 1
github.com/kaylincoded/magic-guardian/internal/mg/client.go:315.42,317.4 1 1
github.com/kaylincoded/magic-guardian/internal/mg/client.go:321.2,321.28 1 1
github.com/kaylincoded/magic-guardian/internal/mg/client.go:321.28,323.3 1 1
github.com/kaylincoded/magic-guardian/internal/mg/client.go:326.2,326.45 1 1
github.com/kaylincoded/magic-guardian/internal/mg/client.go:326.45,328.3 1 1
github.com/kaylincoded/magic-guardian/internal/mg/client.go:331.57,336.25 2 0
github.com/kaylincoded/magic-guardian/internal/mg/client.go:336.25,338.72 2 0
github.com/kaylincoded/magic-guardian/internal/mg/client.go:338.72,340.4 1 0
github.com/kaylincoded/magic-guardian/internal/mg/client.go:344.71,347.6 3 0
github.com/kaylincoded/magic-guardian/internal/mg/client.go:347.6,348.10 1 0
github.com/kaylincoded/magic-guardian/internal/mg/client.go:349.21,350.10 1 0
github.com/kaylincoded/magic-guardian/internal/mg/client.go:351.19,353.22 2 0
github.com/kaylincoded/magic-guardian/internal/mg/client.go:353.22,356.5 2 0
github.com/kaylincoded/magic-guardian/internal/mg/client.go:357.4,360.18 4 0
github.com/kaylincoded/magic-guardian/internal/mg/client.go:360.18,363.5 2 0
github.com/kaylincoded/magic-guardian/internal/mg/client.go:368.61,392.2 5 0
github.com/kaylincoded/magic-guardian/internal/mg/client.go:394.34,397.19 3 0
github.com/kaylincoded/magic-guardian/internal/mg/client.go:397.19,399.3 1 0
github.com/kaylincoded/magic-guardian/internal/mg/client.go:400.2,400.18 1 0
github.com/kaylincoded/magic-guardian/internal/mg/client.go:403.26,407.2 3 0
github.com/kaylincoded/magic-guardian/internal/mg/client.go:409.36,412.29 3 0
github.com/kaylincoded/magic-guardian/internal/mg/client.go:412.29,414.3 1 0
github.com/kaylincoded/magic-guardian/internal/mg/client.go:415.2,415.13 1 0
github.com/kaylincoded/magic-guardian/internal/mg/discover.go:15.85,17.69 1 0
github.com/kaylincoded/magic-guardian/internal/mg/discover.go:17.69,19.4 1 0
github.com/kaylincoded/magic-guardian/internal/mg/discover.go:22.2,23.16 2 0
github.com/kaylincoded/magic-guardian/internal/mg/discover.go:23.16,25.3 1 0
github.com/kaylincoded/magic-guardian/internal/mg/discover.go:27.2,28.16 2 0
github.com/kaylincoded/magic-guardian/internal/mg/discover.go:28.16,30.3 1 0
github.com/kaylincoded/magic-guardian/internal/mg/discover.go:31.2,35.15 3 0
github.com/kaylincoded/magic-guardian/internal/mg/discover.go:35.15,37.3 1 0
github.com/kaylincoded/magic-guardian/internal/mg/discover.go:40.2,40.44 1 0
github.com/kaylincoded/magic-guardian/internal/mg/discover.go:40.44,43.62 3 0
github.com/kaylincoded/magic-guardian/internal/mg/discover.go:43.62,45.4 1 0
github.com/kaylincoded/magic-guardian/internal/mg/discover.go:46.3,46.34 1 0
github.com/kaylincoded/magic-guardian/internal/mg/discover.go:50.2,50.32 1 0
github.com/kaylincoded/magic-guardian/internal/mg/discover.go:50.32,52.38 2 0
github.com/kaylincoded/magic-guardian/internal/mg/discover.go:52.38,54.4 1 0
github.com/kaylincoded/magic-guardian/internal/mg/discover.go:55.3,57.17 3 0
github.com/kaylincoded/magic-guardian/internal/mg/discover.go:57.17,60.68 3 0
github.com/kaylincoded/magic-guardian/internal/mg/discover.go:60.68,62.5 1 0
github.com/kaylincoded/magic-guardian/internal/mg/discover.go:66.2,66.19 1 0
github.com/kaylincoded/magic-guardian/internal/mg/discover.go:66.19,68.3 1 0
github.com/kaylincoded/magic-guardian/internal/mg/discover.go:69.2,69.18 1 0
github.com/kaylincoded/magic-guardian/internal/mg/discover.go:69.18,71.3 1 0
github.com/kaylincoded/magic-guardian/internal/mg/discover.go:73.2,73.29 1 0
github.com/kaylincoded/magic-guardian/internal/mg/discover.go:76.37,79.45 2 1
github.com/kaylincoded/magic-guardian/internal/mg/discover.go:79.45,81.3 1 1
github.com/kaylincoded/magic-guardian/internal/mg/discover.go:82.2,82.11 1 1
github.com/kaylincoded/magic-guardian/internal/mg/messages.go:59.36,60.21 1 1
github.com/kaylincoded/magic-guardian/internal/mg/messages.go:61.14,62.20 1 1
github.com/kaylincoded/magic-guardian/internal/mg/messages.go:63.14,64.19 1 1
github.com/kaylincoded/magic-guardian/internal/mg/messages.go:65.13,66.18 1 1
github.com/kaylincoded/magic-guardian/internal/mg/messages.go:67.15,68.20 1 1
github.com/kaylincoded/magic-guardian/internal/mg/messages.go:69.10,70.12 1 1
github.com/kaylincoded/magic-guardian/internal/mg/shop.go:26.32,30.2 1 1
github.com/kaylincoded/magic-guardian/internal/mg/shop.go:33.60,37.2 3 1
github.com/kaylincoded/magic-guardian/internal/mg/shop.go:40.60,44.9 4 1
github.com/kaylincoded/magic-guardian/internal/mg/shop.go:44.9,46.3 1 1
github.com/kaylincoded/magic-guardian/internal/mg/shop.go:47.2,51.18 5 1
github.com/kaylincoded/magic-guardian/internal/mg/shop.go:55.52,59.28 4 1
github.com/kaylincoded/magic-guardian/internal/mg/shop.go:59.28,65.3 5 1
github.com/kaylincoded/magic-guardian/internal/mg/shop.go:66.2,66.15 1 1
github.com/kaylincoded/magic-guardian/internal/mg/shop.go:80.65,86.28 4 1
github.com/kaylincoded/magic-guardian/internal/mg/shop.go:86.28,87.67 1 1
github.com/kaylincoded/magic-guardian/internal/mg/shop.go:87.67,90.18 3 1
github.com/kaylincoded/magic-guardian/internal/mg/shop.go:90.18,91.13 1 0
github.com/kaylincoded/magic-guardian/internal/mg/shop.go:93.4,94.41 2 1
github.com/kaylincoded/magic-guardian/internal/mg/shop.go:94.41,95.13 1 1
github.com/kaylincoded/magic-guardian/internal/mg/shop.go:97.4,98.18 2 1
github.com/kaylincoded/magic-guardian/internal/mg/shop.go:98.18,99.13 1 1
github.com/kaylincoded/magic-guardian/internal/mg/shop.go:101.4,104.28 3 1
github.com/kaylincoded/magic-guardian/internal/mg/shop.go:104.28,111.5 1 1
github.com/kaylincoded/magic-guardian/internal/mg/shop.go:112.9,112.70 1 1
github.com/kaylincoded/magic-guardian/internal/mg/shop.go:112.70,115.11 3 1
github.com/kaylincoded/magic-guardian/internal/mg/shop.go:115.11,116.13 1 0
github.com/kaylincoded/magic-guardian/internal/mg/shop.go:118.4,119.18 2 1
github.com/kaylincoded/magic-guardian/internal/mg/shop.go:119.18,120.13 1 0
github.com/kaylincoded/magic-guardian/internal/mg/shop.go:123.4,123.41 1 1
github.com/kaylincoded/magic-guardian/internal/mg/shop.go:123.41,125.5 1 1
github.com/kaylincoded/magic-guardian/internal/mg/shop.go:126.4,126.34 1 1
github.com/kaylincoded/magic-guardian/internal/mg/shop.go:130.2,130.16 1 1
github.com/kaylincoded/magic-guardian/internal/mg/shop.go:252.39,253.14 1 1
github.com/kaylincoded/magic-guardian/internal/mg/shop.go:253.14,255.3 1 1
github.com/kaylincoded/magic-guardian/internal/mg/shop.go:256.2,256.42 1 1
github.com/kaylincoded/magic-guardian/internal/mg/shop.go:256.42,258.3 1 1
github.com/kaylincoded/magic-guardian/internal/mg/shop.go:260.2,261.23 2 1
github.com/kaylincoded/magic-guardian/internal/mg/shop.go:261.23,262.36 1 1
github.com/kaylincoded/magic-guardian/internal/mg/shop.go:262.36,264.4 1 1
github.com/kaylincoded/magic-guardian/internal/mg/shop.go:265.3,265.22 1 1
github.com/kaylincoded/magic-guardian/internal/mg/shop.go:267.2,267.24 1 1
github.com/kaylincoded/magic-guardian/internal/mg/shop.go:271.36,272.16 1 1
github.com/kaylincoded/magic-guardian/internal/mg/shop.go:272.16,274.3 1 1
github.com/kaylincoded/magic-guardian/internal/mg/shop.go:275.2,275.43 1 1
github.com/kaylincoded/magic-guardian/internal/store/sqlite.go:26.39,28.16 2 1
github.com/kaylincoded/magic-guardian/internal/store/sqlite.go:28.16,30.3 1 0
github.com/kaylincoded/magic-guardian/internal/store/sqlite.go:32.2,32.36 1 1
github.com/kaylincoded/magic-guardian/internal/store/sqlite.go:32.36,35.3 2 0
github.com/kaylincoded/magic-guardian/internal/store/sqlite.go:37.2,37.28 1 1
github.com/kaylincoded/magic-guardian/internal/store/sqlite.go:47.32,71.2 2 1
github.com/kaylincoded/magic-guardian/internal/store/sqlite.go:74.83,80.16 3 1
github.com/kaylincoded/magic-guardian/internal/store/sqlite.go:80.16,82.3 1 0
github.com/kaylincoded/magic-guardian/internal/store/sqlite.go:83.2,84.22 2 1
github.com/kaylincoded/magic-guardian/internal/store/sqlite.go:88.66,94.16 3 1
github.com/kaylincoded/magic-guardian/internal/store/sqlite.go:94.16,96.3 1 0
github.com/kaylincoded/magic-guardian/internal/store/sqlite.go:97.2,98.22 2 1
github.com/kaylincoded/magic-guardian/internal/store/sqlite.go:102.62,107.16 2 1
github.com/kaylincoded/magic-guardian/internal/store/sqlite.go:107.16,109.3 1 0
github.com/kaylincoded/magic-guardian/internal/store/sqlite.go:110.2,111.18 2 1
github.com/kaylincoded/magic-guardian/internal/store/sqlite.go:115.77,120.16 2 1
github.com/kaylincoded/magic-guardian/internal/store/sqlite.go:120.16,122.3 1 0
github.com/kaylincoded/magic-guardian/internal/store/sqlite.go:123.2,124.32 2 1
github.com/kaylincoded/magic-guardian/internal/store/sqlite.go:128.78,134.16 3 1
github.com/kaylincoded/magic-guardian/internal/store/sqlite.go:134.16,136.3 1 0
github.com/kaylincoded/magic-guardian/internal/store/sqlite.go:137.2,138.32 2 1
github.com/kaylincoded/magic-guardian/internal/store/sqlite.go:142.87,148.2 2 1
github.com/kaylincoded/magic-guardian/internal/store/sqlite.go:151.70,155.16 2 1
github.com/kaylincoded/magic-guardian/internal/store/sqlite.go:155.16,157.3 1 0
github.com/kaylincoded/magic-guardian/internal/store/sqlite.go:158.2,161.18 3 1
github.com/kaylincoded/magic-guardian/internal/store/sqlite.go:161.18,163.70 2 1
github.com/kaylincoded/magic-guardian/internal/store/sqlite.go:163.70,165.4 1 0
github.com/kaylincoded/magic-guardian/internal/store/sqlite.go:166.3,167.37 2 1
github.com/kaylincoded/magic-guardian/internal/store/sqlite.go:169.2,169.28 1 1
github.com/kaylincoded/magic-guardian/internal/store/sqlite.go:169.28,171.3 1 1
github.com/kaylincoded/magic-guardian/internal/store/sqlite.go:172.2,172.24 1 1
github.com/kaylincoded/magic-guardian/internal/store/sqlite.go:176.61,178.16 2 1
github.com/kaylincoded/magic-guardian/internal/store/sqlite.go:178.16,180.3 1 0
github.com/kaylincoded/magic-guardian/internal/store/sqlite.go:181.2,184.18 3 1
github.com/kaylincoded/magic-guardian/internal/store/sqlite.go:184.18,186.80 2 1
github.com/kaylincoded/magic-guardian/internal/store/sqlite.go:186.80,188.4 1 0
github.com/kaylincoded/magic-guardian/internal/store/sqlite.go:189.3,189.37 1 1
github.com/kaylincoded/magic-guardian/internal/store/sqlite.go:189.37,191.4 1 1
github.com/kaylincoded/magic-guardian/internal/store/sqlite.go:192.3,193.50 2 1
github.com/kaylincoded/magic-guardian/internal/store/sqlite.go:196.2,197.30 2 1
github.com/kaylincoded/magic-guardian/internal/store/sqlite.go:197.30,199.3 1 1
github.com/kaylincoded/magic-guardian/internal/store/sqlite.go:200.2,200.28 1 1
github.com/kaylincoded/magic-guardian/internal/store/sqlite.go:204.57,207.2 2 1
github.com/kaylincoded/magic-guardian/internal/store/sqlite.go:210.55,213.26 3 1
github.com/kaylincoded/magic-guardian/internal/store/sqlite.go:213.26,215.3 1 1
github.com/kaylincoded/magic-guardian/internal/store/sqlite.go:216.2,216.19 1 1
github.com/kaylincoded/magic-guardian/internal/store/sqlite.go:220.52,223.2 2 1
github.com/kaylincoded/magic-guardian/internal/store/sqlite.go:226.59,228.16 2 1
github.com/kaylincoded/magic-guardian/internal/store/sqlite.go:228.16,230.3 1 0
github.com/kaylincoded/magic-guardian/internal/store/sqlite.go:231.2,234.18 3 1
github.com/kaylincoded/magic-guardian/internal/store/sqlite.go:234.18,236.43 2 1
github.com/kaylincoded/magic-guardian/internal/store/sqlite.go:236.43,238.4 1 0
github.com/kaylincoded/magic-guardian/internal/store/sqlite.go:239.3,239.13 1 1
github.com/kaylincoded/magic-guardian/internal/store/sqlite.go:241.2,241.24 1 1
github.com/kaylincoded/magic-guardian/internal/store/sqlite.go:245.31,247.2 1 1
github.com/kaylincoded/magic-guardian/internal/store/sqlite.go:249.64,251.18 2 1
github.com/kaylincoded/magic-guardian/internal/store/sqlite.go:251.18,253.99 2 1
github.com/kaylincoded/magic-guardian/internal/store/sqlite.go:253.99,255.4 1 0
github.com/kaylincoded/magic-guardian/internal/store/sqlite.go:256.3,256.27 1 1
github.com/kaylincoded/magic-guardian/internal/store/sqlite.go:258.2,258.25 1 1
github.com/kaylincoded/magic-guardian/internal/notify/engine.go:24.85,30.2 1 1
github.com/kaylincoded/magic-guardian/internal/notify/engine.go:33.59,37.29 2 1
github.com/kaylincoded/magic-guardian/internal/notify/engine.go:37.29,40.17 3 1
github.com/kaylincoded/magic-guardian/internal/notify/engine.go:40.17,42.12 2 0
github.com/kaylincoded/magic-guardian/internal/notify/engine.go:44.3,44.28 1 1
github.com/kaylincoded/magic-guardian/internal/notify/engine.go:44.28,46.4 1 1
github.com/kaylincoded/magic-guardian/internal/notify/engine.go:49.2,49.41 1 1
github.com/kaylincoded/magic-guardian/internal/notify/engine.go:49.41,51.65 2 1
github.com/kaylincoded/magic-guardian/internal/notify/engine.go:51.65,53.4 1 1
github.com/kaylincoded/magic-guardian/internal/webui/controller.go:34.77,40.2 1 0
github.com/kaylincoded/magic-guardian/internal/webui/controller.go:43.60,47.2 3 0
github.com/kaylincoded/magic-guardian/internal/webui/controller.go:50.69,52.15 2 0
github.com/kaylincoded/magic-guardian/internal/webui/controller.go:52.15,55.3 2 0
github.com/kaylincoded/magic-guardian/internal/webui/controller.go:56.2,63.12 6 0
github.com/kaylincoded/magic-guardian/internal/webui/controller.go:66.68,72.16 4 0
github.com/kaylincoded/magic-guardian/internal/webui/controller.go:72.16,80.3 7 0
github.com/kaylincoded/magic-guardian/internal/webui/controller.go:81.2,91.16 4 0
github.com/kaylincoded/magic-guardian/internal/webui/controller.go:91.16,99.3 7 0
github.com/kaylincoded/magic-guardian/internal/webui/controller.go:102.2,106.56 3 0
github.com/kaylincoded/magic-guardian/internal/webui/controller.go:106.56,108.3 1 0
github.com/kaylincoded/magic-guardian/internal/webui/controller.go:109.2,109.28 1 0
github.com/kaylincoded/magic-guardian/internal/webui/controller.go:109.28,116.3 5 0
github.com/kaylincoded/magic-guardian/internal/webui/controller.go:119.2,119.36 1 0
github.com/kaylincoded/magic-guardian/internal/webui/controller.go:119.36,127.3 7 0
github.com/kaylincoded/magic-guardian/internal/webui/controller.go:130.2,130.12 1 0
github.com/kaylincoded/magic-guardian/internal/webui/controller.go:130.12,131.63 1 0
github.com/kaylincoded/magic-guardian/internal/webui/controller.go:131.63,133.4 1 0
github.com/kaylincoded/magic-guardian/internal/webui/controller.go:136.2,147.80 11 0
github.com/kaylincoded/magic-guardian/internal/webui/controller.go:151.36,155.21 3 0
github.com/kaylincoded/magic-guardian/internal/webui/controller.go:155.21,158.3 2 0
github.com/kaylincoded/magic-guardian/internal/webui/controller.go:159.2,159.18 1 0
github.com/kaylincoded/magic-guardian/internal/webui/controller.go:159.18,162.3 2 0
github.com/kaylincoded/magic-guardian/internal/webui/controller.go:163.2,169.30 7 0
github.com/kaylincoded/magic-guardian/internal/webui/controller.go:173.48,186.40 4 0
github.com/kaylincoded/magic-guardian/internal/webui/controller.go:186.40,188.22 2 0
github.com/kaylincoded/magic-guardian/internal/webui/controller.go:188.22,190.4 1 0
github.com/kaylincoded/magic-guardian/internal/webui/controller.go:190.9,190.27 1 0
github.com/kaylincoded/magic-guardian/internal/webui/controller.go:190.27,192.4 1 0
github.com/kaylincoded/magic-guardian/internal/webui/controller.go:192.9,194.4 1 0
github.com/kaylincoded/magic-guardian/internal/webui/controller.go:197.2,197.10 1 0
github.com/kaylincoded/magic-guardian/internal/webui/controller.go:201.50,206.16 4 0
github.com/kaylincoded/magic-guardian/internal/webui/controller.go:206.16,208.3 1 0
github.com/kaylincoded/magic-guardian/internal/webui/controller.go:210.2,212.34 3 0
github.com/kaylincoded/magic-guardian/internal/webui/controller.go:212.34,218.3 1 0
github.com/kaylincoded/magic-guardian/internal/webui/controller.go:219.2,219.15 1 0
github.com/kaylincoded/magic-guardian/internal/webui/controller.go:223.62,228.16 4 0
github.com/kaylincoded/magic-guardian/internal/webui/controller.go:228.16,230.3 1 0
github.com/kaylincoded/magic-guardian/internal/webui/controller.go:232.2,232.32 1 0
github.com/kaylincoded/magic-guardian/internal/webui/loghandler.go:18.75,23.2 1 0
github.com/kaylincoded/magic-guardian/internal/webui/loghandler.go:25.76,27.2 1 0
github.com/kaylincoded/magic-guardian/internal/webui/loghandler.go:29.73,39.19 7 0
github.com/kaylincoded/magic-guardian/internal/webui/loghandler.go:39.19,42.49 2 0
github.com/kaylincoded/magic-guardian/internal/webui/loghandler.go:42.49,44.4 1 0
github.com/kaylincoded/magic-guardian/internal/webui/loghandler.go:45.3,45.23 1 0
github.com/kaylincoded/magic-guardian/internal/webui/loghandler.go:48.2,48.12 1 0
github.com/kaylincoded/magic-guardian/internal/webui/loghandler.go:51.66,56.2 1 0
github.com/kaylincoded/magic-guardian/internal/webui/loghandler.go:58.60,63.2 1 0
github.com/kaylincoded/magic-guardian/internal/webui/server.go:56.88,64.2 2 1
github.com/kaylincoded/magic-guardian/internal/webui/server.go:67.49,69.2 1 0
github.com/kaylincoded/magic-guardian/internal/webui/server.go:72.41,74.2 1 1
github.com/kaylincoded/magic-guardian/internal/webui/server.go:77.43,106.12 16 1
github.com/kaylincoded/magic-guardian/internal/webui/server.go:106.12,107.82 1 1
github.com/kaylincoded/magic-guardian/internal/webui/server.go:107.82,110.4 2 1
github.com/kaylincoded/magic-guardian/internal/webui/server.go:114.2,114.9 1 1
github.com/kaylincoded/magic-guardian/internal/webui/server.go:115.22,116.55 1 1
github.com/kaylincoded/magic-guardian/internal/webui/server.go:117.44,118.13 1 1
github.com/kaylincoded/magic-guardian/internal/webui/server.go:123.31,124.21 1 1
github.com/kaylincoded/magic-guardian/internal/webui/server.go:124.21,128.3 3 1
github.com/kaylincoded/magic-guardian/internal/webui/server.go:129.2,129.12 1 0
github.com/kaylincoded/magic-guardian/internal/webui/server.go:132.70,134.16 2 1
github.com/kaylincoded/magic-guardian/internal/webui/server.go:134.16,137.3 2 0
github.com/kaylincoded/magic-guardian/internal/webui/server.go:138.2,139.15 2 1
github.com/kaylincoded/magic-guardian/internal/webui/server.go:142.74,145.2 2 1
github.com/kaylincoded/magic-guardian/internal/webui/server.go:147.74,149.16 2 1
github.com/kaylincoded/magic-guardian/internal/webui/server.go:149.16,152.3 2 0
github.com/kaylincoded/magic-guardian/internal/webui/server.go:154.2,154.61 1 1
github.com/kaylincoded/magic-guardian/internal/webui/server.go:154.61,156.3 1 1
github.com/kaylincoded/magic-guardian/internal/webui/server.go:157.2,157.19 1 1
github.com/kaylincoded/magic-guardian/internal/webui/server.go:160.75,165.61 2 1
github.com/kaylincoded/magic-guardian/internal/webui/server.go:165.61,168.3 2 1
github.com/kaylincoded/magic-guardian/internal/webui/server.go:170.2,170.47 1 1
github.com/kaylincoded/magic-guardian/internal/webui/server.go:170.47,173.3 2 1
github.com/kaylincoded/magic-guardian/internal/webui/server.go:176.2,176.65 1 1
github.com/kaylincoded/magic-guardian/internal/webui/server.go:176.65,177.78 1 1
github.com/kaylincoded/magic-guardian/internal/webui/server.go:177.78,180.4 2 0
github.com/kaylincoded/magic-guardian/internal/webui/server.go:183.2,183.63 1 1
github.com/kaylincoded/magic-guardian/internal/webui/server.go:183.63,186.3 2 0
github.com/kaylincoded/magic-guardian/internal/webui/server.go:188.2,188.52 1 1
github.com/kaylincoded/magic-guardian/internal/webui/server.go:191.72,195.61 2 1
github.com/kaylincoded/magic-guardian/internal/webui/server.go:195.61,198.3 2 0
github.com/kaylincoded/magic-guardian/internal/webui/server.go:199.2,200.17 2 1
github.com/kaylincoded/magic-guardian/internal/webui/server.go:200.17,202.3 1 1
github.com/kaylincoded/magic-guardian/internal/webui/server.go:203.2,203.66 1 1
github.com/kaylincoded/magic-guardian/internal/webui/server.go:203.66,206.3 2 0
github.com/kaylincoded/magic-guardian/internal/webui/server.go:207.2,207.52 1 1
github.com/kaylincoded/magic-guardian/internal/webui/server.go:210.73,212.20 2 1
github.com/kaylincoded/magic-guardian/internal/webui/server.go:212.20,215.3 2 1
github.com/kaylincoded/magic-guardian/internal/webui/server.go:217.2,218.31 2 1
github.com/kaylincoded/magic-guardian/internal/webui/server.go:218.31,221.3 2 1
github.com/kaylincoded/magic-guardian/internal/webui/server.go:222.2,223.31 2 1
github.com/kaylincoded/magic-guardian/internal/webui/server.go:223.31,226.3 2 0
github.com/kaylincoded/magic-guardian/internal/webui/server.go:228.2,228.57 1 1
github.com/kaylincoded/magic-guardian/internal/webui/server.go:228.57,231.3 2 1
github.com/kaylincoded/magic-guardian/internal/webui/server.go:233.2,233.54 1 1
github.com/kaylincoded/magic-guardian/internal/webui/server.go:236.72,239.2 2 1
github.com/kaylincoded/magic-guardian/internal/webui/server.go:241.74,243.21 2 1
github.com/kaylincoded/magic-guardian/internal/webui/server.go:243.21,246.3 2 1
github.com/kaylincoded/magic-guardian/internal/webui/server.go:247.2,248.19 2 1
github.com/kaylincoded/magic-guardian/internal/webui/server.go:248.19,250.3 1 0
github.com/kaylincoded/magic-guardian/internal/webui/server.go:251.2,251.22 1 1
github.com/kaylincoded/magic-guardian/internal/webui/server.go:254.75,258.82 2 1
github.com/kaylincoded/magic-guardian/internal/webui/server.go:258.82,261.3 2 1
github.com/kaylincoded/magic-guardian/internal/webui/server.go:262.2,262.61 1 1
github.com/kaylincoded/magic-guardian/internal/webui/server.go:262.61,265.3 2 1
github.com/kaylincoded/magic-guardian/internal/webui/server.go:266.2,266.51 1 1
github.com/kaylincoded/magic-guardian/internal/webui/server.go:269.74,271.9 2 1
github.com/kaylincoded/magic-guardian/internal/webui/server.go:271.9,274.3 2 0
github.com/kaylincoded/magic-guardian/internal/webui/server.go:276.2,281.43 4 1
github.com/kaylincoded/magic-guardian/internal/webui/server.go:281.43,283.3 1 1
github.com/kaylincoded/magic-guardian/internal/webui/server.go:284.2,290.6 4 1
github.com/kaylincoded/magic-guardian/internal/webui/server.go:290.6,291.10 1 1
github.com/kaylincoded/magic-guardian/internal/webui/server.go:292.29,293.10 1 1
github.com/kaylincoded/magic-guardian/internal/webui/server.go:294.21,296.19 2 0
github.com/kaylincoded/magic-guardian/internal/webui/server.go:301.54,304.2 2 1
github.com/kaylincoded/magic-guardian/internal/webui/server.go:306.62,310.2 3 1
github.com/kaylincoded/magic-guardian/internal/webui/server.go:321.44,327.2 1 1
github.com/kaylincoded/magic-guardian/internal/webui/server.go:330.41,332.34 2 1
github.com/kaylincoded/magic-guardian/internal/webui/server.go:332.34,334.3 1 1
github.com/kaylincoded/magic-guardian/internal/webui/server.go:335.2,337.33 3 1
github.com/kaylincoded/magic-guardian/internal/webui/server.go:337.33,339.3 1 1
github.com/kaylincoded/magic-guardian/internal/webui/server.go:340.2,342.26 2 1
github.com/kaylincoded/magic-guardian/internal/webui/server.go:342.26,343.10 1 1
github.com/kaylincoded/magic-guardian/internal/webui/server.go:344.19,344.19 0 1
github.com/kaylincoded/magic-guardian/internal/webui/server.go:345.11,345.11 0 0
github.com/kaylincoded/magic-guardian/internal/webui/server.go:352.39,358.2 5 1
github.com/kaylincoded/magic-guardian/internal/webui/server.go:361.46,367.2 5 1
github.com/kaylincoded/magic-guardian/internal/webui/server.go:370.50,374.2 3 1
